# JRE version: Java(TM) SE Runtime Environment (8.0_341-b10) (build 1.8.0_341-b10)
# Java VM: Java HotSpot(TM) 64-Bit Server VM (25.341-b10 mixed mode windows-amd64 compressed oops)
Heap:
 PSYoungGen      total 75776K, used 46350K [0x000000076bc00000, 0x0000000771080000, 0x00000007c0000000)
  eden space 65024K, 71% used [0x000000076bc00000,0x000000076e943808,0x000000076fb80000)
  from space 10752K, 0% used [0x0000000770600000,0x0000000770600000,0x0000000771080000)
  to   space 10752K, 0% used [0x000000076fb80000,0x000000076fb80000,0x0000000770600000)
 ParOldGen       total 109056K, used 12022K [0x00000006c3400000, 0x00000006c9e80000, 0x000000076bc00000)
  object space 109056K, 11% used [0x00000006c3400000,0x00000006c3fbd828,0x00000006c9e80000)
 Metaspace       used 23909K, capacity 24272K, committed 24576K, reserved 1071104K
  class space    used 2844K, capacity 2968K, committed 3072K, reserved 1048576K
GC Heap History (6 events):
Event: 0.608 GC heap before
{Heap before GC invocations=1 (full 0):
 PSYoungGen      total 75776K, used 65024K [0x000000076bc00000, 0x0000000771080000, 0x00000007c0000000)
  eden space 65024K, 100% used [0x000000076bc00000,0x000000076fb80000,0x000000076fb80000)
  from space 10752K, 0% used [0x0000000770600000,0x0000000770600000,0x0000000771080000)
  to   space 10752K, 0% used [0x000000076fb80000,0x000000076fb80000,0x0000000770600000)
 ParOldGen       total 173568K, used 0K [0x00000006c3400000, 0x00000006cdd80000, 0x000000076bc00000)
  object space 173568K, 0% used [0x00000006c3400000,0x00000006c3400000,0x00000006cdd80000)
 Metaspace       used 11640K, capacity 11758K, committed 12032K, reserved 1060864K
  class space    used 1441K, capacity 1509K, committed 1536K, reserved 1048576K
Event: 0.614 GC heap after
Heap after GC invocations=1 (full 0):
 PSYoungGen      total 75776K, used 10734K [0x000000076bc00000, 0x0000000771080000, 0x00000007c0000000)
  eden space 65024K, 0% used [0x000000076bc00000,0x000000076bc00000,0x000000076fb80000)
  from space 10752K, 99% used [0x000000076fb80000,0x00000007705fb908,0x0000000770600000)
  to   space 10752K, 0% used [0x0000000770600000,0x0000000770600000,0x0000000771080000)
 ParOldGen       total 173568K, used 321K [0x00000006c3400000, 0x00000006cdd80000, 0x000000076bc00000)
  object space 173568K, 0% used [0x00000006c3400000,0x00000006c34505e0,0x00000006cdd80000)
 Metaspace       used 11640K, capacity 11758K, committed 12032K, reserved 1060864K
  class space    used 1441K, capacity 1509K, committed 1536K, reserved 1048576K
}
Event: 3.963 GC heap before
{Heap before GC invocations=2 (full 0):
 PSYoungGen      total 75776K, used 69535K [0x000000076bc00000, 0x0000000771080000, 0x00000007c0000000)
  eden space 65024K, 90% used [0x000000076bc00000,0x000000076f56c6c0,0x000000076fb80000)
  from space 10752K, 99% used [0x000000076fb80000,0x00000007705fb908,0x0000000770600000)
  to   space 10752K, 0% used [0x0000000770600000,0x0000000770600000,0x0000000771080000)
 ParOldGen       total 173568K, used 321K [0x00000006c3400000, 0x00000006cdd80000, 0x000000076bc00000)
  object space 173568K, 0% used [0x00000006c3400000,0x00000006c34505e0,0x00000006cdd80000)
 Metaspace       used 20728K, capacity 21064K, committed 21248K, reserved 1067008K
  class space    used 2539K, capacity 2696K, committed 2816K, reserved 1048576K
Event: 3.972 GC heap after
Heap after GC invocations=2 (full 0):
 PSYoungGen      total 75776K, used 10720K [0x000000076bc00000, 0x0000000771080000, 0x00000007c0000000)
  eden space 65024K, 0% used [0x000000076bc00000,0x000000076bc00000,0x000000076fb80000)
  from space 10752K, 99% used [0x0000000770600000,0x0000000771078238,0x0000000771080000)
  to   space 10752K, 0% used [0x000000076fb80000,0x000000076fb80000,0x0000000770600000)
 ParOldGen       total 173568K, used 2254K [0x00000006c3400000, 0x00000006cdd80000, 0x000000076bc00000)
  object space 173568K, 1% used [0x00000006c3400000,0x00000006c3633a60,0x00000006cdd80000)
 Metaspace       used 20728K, capacity 21064K, committed 21248K, reserved 1067008K
  class space    used 2539K, capacity 2696K, committed 2816K, reserved 1048576K
}
Event: 3.972 GC heap before
{Heap before GC invocations=3 (full 1):
 PSYoungGen      total 75776K, used 10720K [0x000000076bc00000, 0x0000000771080000, 0x00000007c0000000)
  eden space 65024K, 0% used [0x000000076bc00000,0x000000076bc00000,0x000000076fb80000)
  from space 10752K, 99% used [0x0000000770600000,0x0000000771078238,0x0000000771080000)
  to   space 10752K, 0% used [0x000000076fb80000,0x000000076fb80000,0x0000000770600000)
 ParOldGen       total 173568K, used 2254K [0x00000006c3400000, 0x00000006cdd80000, 0x000000076bc00000)
  object space 173568K, 1% used [0x00000006c3400000,0x00000006c3633a60,0x00000006cdd80000)
 Metaspace       used 20728K, capacity 21064K, committed 21248K, reserved 1067008K
  class space    used 2539K, capacity 2696K, committed 2816K, reserved 1048576K
Event: 3.991 GC heap after
Heap after GC invocations=3 (full 1):
 PSYoungGen      total 75776K, used 0K [0x000000076bc00000, 0x0000000771080000, 0x00000007c0000000)
  eden space 65024K, 0% used [0x000000076bc00000,0x000000076bc00000,0x000000076fb80000)
  from space 10752K, 0% used [0x0000000770600000,0x0000000770600000,0x0000000771080000)
  to   space 10752K, 0% used [0x000000076fb80000,0x000000076fb80000,0x0000000770600000)
 ParOldGen       total 109056K, used 12022K [0x00000006c3400000, 0x00000006c9e80000, 0x000000076bc00000)
  object space 109056K, 11% used [0x00000006c3400000,0x00000006c3fbd828,0x00000006c9e80000)
 Metaspace       used 20728K, capacity 21064K, committed 21248K, reserved 1067008K
  class space    used 2539K, capacity 2696K, committed 2816K, reserved 1048576K
}

